<?xml version="1.0" encoding="UTF-8"?>
<!-- Generated by org.testng.reporters.JUnitReportReporter -->
<testsuite skipped="0" hostname="INBASDLP06012" name="com.tm.user.info.RegisterUserTest" tests="1" failures="0" timestamp="19 Jul 2019 10:08:39 GMT" time="41.376" errors="0">
  <testcase name="registerUser" time="41.376" classname="com.tm.user.info.RegisterUserTest"/>
</testsuite> <!-- com.tm.user.info.RegisterUserTest -->
