<?xml version="1.0" encoding="UTF-8"?>
<!-- Generated by org.testng.reporters.JUnitReportReporter -->
<testsuite skipped="0" hostname="INBASDLP06012" name="com.tm.user.info.CustomerWebCenterTest" tests="1" failures="0" timestamp="20 Jul 2019 08:46:58 GMT" time="103.141" errors="0">
  <testcase name="registerUser" time="103.141" classname="com.tm.user.info.CustomerWebCenterTest"/>
</testsuite> <!-- com.tm.user.info.CustomerWebCenterTest -->
